<?xml version="1.0" encoding="UTF-8"?>
<testsuite xmlns:xsi="http://www.w3.org/2001/XMLSchema-instance" xsi:noNamespaceSchemaLocation="https://maven.apache.org/surefire/maven-surefire-plugin/xsd/surefire-test-report-3.0.xsd" version="3.0" name="TestSuite" time="200.922" tests="4" errors="0" skipped="0" failures="0">
  <properties>
[...]
</properties>
  <testcase name="userUploadsPhotosAndSubmit" classname="ekarDemoTest.EkarDemoTest" time="63.406">
    <system-err><![CDATA[SLF4J: No SLF4J providers were found.
SLF4J: Defaulting to no-operation (NOP) logger implementation
SLF4J: See https://www.slf4j.org/codes.html#noProviders for further details.
]]></system-err>
  </testcase>
  <testcase name="userCannotProceedWithoutUploadingImages" classname="ekarDemoTest.EkarDemoTest" time="17.634"/>
  <testcase name="userVerifiesImageIcons" classname="ekarDemoTest.EkarDemoTest" time="10.178"/>
  <testcase name="verifyUserLocation" classname="ekarDemoTest.EkarDemoTest" time="6.445"/>
</testsuite>