<?xml version="1.0" encoding="UTF-8"?>
<testng-results ignored="0" total="4" passed="4" failed="0" skipped="0">
  <reporter-output>
  </reporter-output>
  <suite started-at="2023-08-22T22:20:40 CEST" name="Ekar Demo Suite" finished-at="2023-08-22T22:23:57 CEST" duration-ms="196739">
    <groups>
    </groups>
    <test started-at="2023-08-22T22:20:40 CEST" name="Ekar Test" finished-at="2023-08-22T22:23:57 CEST" duration-ms="196739">
      <class name="ekarDemoTest.EkarDemoTest">
        <test-method is-config="true" signature="setup()[pri:0, instance:ekarDemoTest.EkarDemoTest@3b95d13c]" started-at="2023-08-22T22:20:41 CEST" name="setup" finished-at="2023-08-22T22:21:08 CEST" duration-ms="27350" status="PASS">
          <reporter-output>
          </reporter-output>
        </test-method> <!-- setup -->
        <test-method signature="userUploadsPhotosAndSubmit()[pri:1, instance:ekarDemoTest.EkarDemoTest@3b95d13c]" started-at="2023-08-22T22:21:09 CEST" name="userUploadsPhotosAndSubmit" finished-at="2023-08-22T22:22:12 CEST" duration-ms="63387" status="PASS">
          <reporter-output>
          </reporter-output>
        </test-method> <!-- userUploadsPhotosAndSubmit -->
        <test-method is-config="true" signature="tearDown()[pri:0, instance:ekarDemoTest.EkarDemoTest@3b95d13c]" started-at="2023-08-22T22:22:12 CEST" name="tearDown" finished-at="2023-08-22T22:22:14 CEST" duration-ms="2372" status="PASS">
          <reporter-output>
          </reporter-output>
        </test-method> <!-- tearDown -->
        <test-method is-config="true" signature="setup()[pri:0, instance:ekarDemoTest.EkarDemoTest@3b95d13c]" started-at="2023-08-22T22:22:14 CEST" name="setup" finished-at="2023-08-22T22:22:30 CEST" duration-ms="15648" status="PASS">
          <reporter-output>
          </reporter-output>
        </test-method> <!-- setup -->
        <test-method signature="userCannotProceedWithoutUploadingImages()[pri:2, instance:ekarDemoTest.EkarDemoTest@3b95d13c]" started-at="2023-08-22T22:22:30 CEST" name="userCannotProceedWithoutUploadingImages" finished-at="2023-08-22T22:22:48 CEST" duration-ms="17631" status="PASS">
          <reporter-output>
          </reporter-output>
        </test-method> <!-- userCannotProceedWithoutUploadingImages -->
        <test-method is-config="true" signature="tearDown()[pri:0, instance:ekarDemoTest.EkarDemoTest@3b95d13c]" started-at="2023-08-22T22:22:48 CEST" name="tearDown" finished-at="2023-08-22T22:22:51 CEST" duration-ms="3749" status="PASS">
          <reporter-output>
          </reporter-output>
        </test-method> <!-- tearDown -->
        <test-method is-config="true" signature="setup()[pri:0, instance:ekarDemoTest.EkarDemoTest@3b95d13c]" started-at="2023-08-22T22:22:51 CEST" name="setup" finished-at="2023-08-22T22:23:14 CEST" duration-ms="22197" status="PASS">
          <reporter-output>
          </reporter-output>
        </test-method> <!-- setup -->
        <test-method signature="userVerifiesImageIcons()[pri:3, instance:ekarDemoTest.EkarDemoTest@3b95d13c]" started-at="2023-08-22T22:23:14 CEST" name="userVerifiesImageIcons" finished-at="2023-08-22T22:23:24 CEST" duration-ms="10171" status="PASS">
          <reporter-output>
          </reporter-output>
        </test-method> <!-- userVerifiesImageIcons -->
        <test-method is-config="true" signature="tearDown()[pri:0, instance:ekarDemoTest.EkarDemoTest@3b95d13c]" started-at="2023-08-22T22:23:24 CEST" name="tearDown" finished-at="2023-08-22T22:23:26 CEST" duration-ms="2573" status="PASS">
          <reporter-output>
          </reporter-output>
        </test-method> <!-- tearDown -->
        <test-method is-config="true" signature="setup()[pri:0, instance:ekarDemoTest.EkarDemoTest@3b95d13c]" started-at="2023-08-22T22:23:26 CEST" name="setup" finished-at="2023-08-22T22:23:48 CEST" duration-ms="21444" status="PASS">
          <reporter-output>
          </reporter-output>
        </test-method> <!-- setup -->
        <test-method signature="verifyUserLocation()[pri:4, instance:ekarDemoTest.EkarDemoTest@3b95d13c]" started-at="2023-08-22T22:23:48 CEST" name="verifyUserLocation" description="Image upload scenario" finished-at="2023-08-22T22:23:54 CEST" duration-ms="6444" status="PASS">
          <reporter-output>
          </reporter-output>
        </test-method> <!-- verifyUserLocation -->
        <test-method is-config="true" signature="tearDown()[pri:0, instance:ekarDemoTest.EkarDemoTest@3b95d13c]" started-at="2023-08-22T22:23:54 CEST" name="tearDown" finished-at="2023-08-22T22:23:57 CEST" duration-ms="2945" status="PASS">
          <reporter-output>
          </reporter-output>
        </test-method> <!-- tearDown -->
      </class> <!-- ekarDemoTest.EkarDemoTest -->
    </test> <!-- Ekar Test -->
  </suite> <!-- Ekar Demo Suite -->
</testng-results>
