<?xml version="1.0" encoding="UTF-8"?>
<!-- Generated by org.testng.reporters.JUnitXMLReporter -->
<testsuite ignored="0" hostname="DESKTOP-F06Q66A" failures="0" tests="4" name="Ekar Test" time="196.739" errors="0" timestamp="2023-08-22T22:23:57 CEST">
  <testcase classname="ekarDemoTest.EkarDemoTest" name="userUploadsPhotosAndSubmit" time="63.387"/>
  <testcase classname="ekarDemoTest.EkarDemoTest" name="userCannotProceedWithoutUploadingImages" time="17.631"/>
  <testcase classname="ekarDemoTest.EkarDemoTest" name="userVerifiesImageIcons" time="10.171"/>
  <testcase classname="ekarDemoTest.EkarDemoTest" name="verifyUserLocation" time="6.444"/>
</testsuite> <!-- Ekar Test -->
